<div class="story">
<h1></h1>
<div class="path">stories/policycenter/contacto.story</div>
<div class="scenario">
<h2>Scenario: autenticacion en policycenter</h2>
<div class="examples">
<h3>Examples:</h3>
<div class="step">Given el usuario ingresa a la pagina de autenticacion de PolicyCenter</div>
<div class="step">When el usuario ingresa username &lt;usr&gt; y password &lt;pass&gt;</div>
<div class="step">Then el usuario deberia ver la pagina de inicio correspondiente a su rol &lt;message&gt;</div>
<div class="step">Then el usuario deberia poder acceder a nuevo contacto persona</div>
<div class="step">Then el usuario deberia cerrar sesion</div>
<table>
<thead>
<tr>
<th>usr</th><th>pass</th><th>message</th></tr>
</thead>
<tbody>
<tr>
<td>su</td><td>gw</td><td>Mis actividades</td></tr>
</tbody>
</table>

<h3 class="example">Example: {usr=su, pass=gw, message=Mis actividades}</h3>
<div class="step successful">Given el usuario ingresa a la pagina de autenticacion de PolicyCenter</div>
<div class="step successful">When el usuario ingresa username <span class="step parameter">su</span> y password <span class="step parameter">gw</span></div>
<div class="step successful">Then el usuario deberia ver la pagina de inicio correspondiente a su rol <span class="step parameter">Mis actividades</span></div>
<div class="step failed">Then el usuario deberia poder acceder a nuevo contacto persona <span class="keyword failed">(FAILED)</span><br/><span class="message failed">net.serenitybdd.core.exceptions.SerenityManagedException: Timed out after 2 seconds. Element not found
For documentation on this error, please visit: http://seleniumhq.org/exceptions/no_such_element.html
Build info: version: '2.50.1', revision: 'd7fc91b29de65b790abb01f3ac5f7ea2191c88a7', time: '2016-01-29 11:11:26'
System info: host: 'PQVIPF0DCV2P', ip: '10.214.18.161', os.name: 'Windows 7', os.arch: 'amd64', os.version: '6.1', java.version: '1.7.0_79'
Driver info: driver.version: unknown</span></div>
<div class="step notPerformed">Then el usuario deberia cerrar sesion <span class="keyword notPerformed">(NOT PERFORMED)</span></div>
</div>
<pre class="failure">net.serenitybdd.core.exceptions.SerenityManagedException: Timed out after 2 seconds. Element not found
For documentation on this error, please visit: http://seleniumhq.org/exceptions/no_such_element.html
Build info: version: '2.50.1', revision: 'd7fc91b29de65b790abb01f3ac5f7ea2191c88a7', time: '2016-01-29 11:11:26'
System info: host: 'PQVIPF0DCV2P', ip: '10.214.18.161', os.name: 'Windows 7', os.arch: 'amd64', os.version: '6.1', java.version: '1.7.0_79'
Driver info: driver.version: unknown
	at net.serenitybdd.core.exceptions.SerenityManagedException.detachedCopyOf(SerenityManagedException.java:20)
	at net.thucydides.core.steps.StepInterceptor.runTestStep(StepInterceptor.java:317)
	at net.thucydides.core.steps.StepInterceptor.testStepResult(StepInterceptor.java:130)
	at net.thucydides.core.steps.StepInterceptor.intercept(StepInterceptor.java:57)
	at com.sura.policycenter.selenium.steps.PolicySteps$$EnhancerByCGLIB$$92c0ff4f.nuevoContactoPersona(&lt;generated&gt;)
	at com.sura.policycenter.selenium.definitions.PolicyDefinitions.nuevoContactoPersona(PolicyDefinitions.java:36)
	(reflection-invoke)
	at org.jbehave.core.steps.StepCreator$ParametrisedStep.perform(StepCreator.java:595)
	at org.jbehave.core.embedder.StoryRunner$FineSoFar.run(StoryRunner.java:566)
...</pre>
</div>
</div>
