<?xml version="1.0" encoding="UTF-8"?>
<testsuite name="com.sura.policycenter.Contacto" time="21.43" tests="9" errors="1" skipped="1" failures="2">
  <properties>
    <property name="java.runtime.name" value="Java(TM) SE Runtime Environment"/>
    <property name="sun.boot.library.path" value="C:\Program Files\Java\jdk1.7.0_79\jre\bin"/>
    <property name="java.vm.version" value="24.79-b02"/>
    <property name="java.vm.vendor" value="Oracle Corporation"/>
    <property name="maven.multiModuleProjectDirectory" value="C:\Users\edwabuac\Desktop\BDDCore"/>
    <property name="java.vendor.url" value="http://java.oracle.com/"/>
    <property name="path.separator" value=";"/>
    <property name="guice.disable.misplaced.annotation.check" value="true"/>
    <property name="java.vm.name" value="Java HotSpot(TM) 64-Bit Server VM"/>
    <property name="file.encoding.pkg" value="sun.io"/>
    <property name="user.script" value=""/>
    <property name="user.country" value="CO"/>
    <property name="sun.java.launcher" value="SUN_STANDARD"/>
    <property name="sun.os.patch.level" value="Service Pack 1"/>
    <property name="java.vm.specification.name" value="Java Virtual Machine Specification"/>
    <property name="user.dir" value="C:\Users\edwabuac\Desktop\BDDCore"/>
    <property name="java.runtime.version" value="1.7.0_79-b15"/>
    <property name="java.awt.graphicsenv" value="sun.awt.Win32GraphicsEnvironment"/>
    <property name="java.endorsed.dirs" value="C:\Program Files\Java\jdk1.7.0_79\jre\lib\endorsed"/>
    <property name="os.arch" value="amd64"/>
    <property name="java.io.tmpdir" value="C:\Users\edwabuac\AppData\Local\Temp\"/>
    <property name="line.separator" value="&#10;"/>
    <property name="java.vm.specification.vendor" value="Oracle Corporation"/>
    <property name="user.variant" value=""/>
    <property name="os.name" value="Windows 7"/>
    <property name="classworlds.conf" value="C:\apache-maven-3.3.9\bin\..\bin\m2.conf"/>
    <property name="sun.jnu.encoding" value="Cp1252"/>
    <property name="java.library.path" value="C:\Program Files\Java\jdk1.7.0_79\bin;C:\Windows\Sun\Java\bin;C:\Windows\system32;C:\Windows;C:\cmder\bin;C:\cmder\vendor\git-for-windows\bin;C:\cmder\vendor\git-for-windows\usr\bin;C:\cmder\vendor\git-for-windows\share\vim\vim74;C:\cmder\vendor\conemu-maximus5;C:\cmder\vendor\conemu-maximus5\ConEmu;C:\ProgramData\Oracle\Java\javapath;C:\Program Files (x86)\Intel\iCLS Client\;C:\Program Files\Intel\iCLS Client\;C:\Windows\system32;C:\Windows;C:\Windows\System32\Wbem;C:\Windows\System32\WindowsPowerShell\v1.0\;C:\Program Files\Intel\Intel(R) Management Engine Components\DAL;C:\Program Files (x86)\Intel\Intel(R) Management Engine Components\DAL;C:\Program Files\Intel\Intel(R) Management Engine Components\IPT;C:\Program Files (x86)\Intel\Intel(R) Management Engine Components\IPT;C:\Program Files (x86)\ATI Technologies\ATI.ACE\Core-Static;C:\Program Files\Intel\WiFi\bin\;C:\Program Files\Common Files\Intel\WirelessCommon\;C:\Program Files (x86)\Common Files\Lenovo;C:\Program Files (x86)\Common Files\lenovo\easyplussdk\bin;C:\ProgramData\Lenovo\ReadyApps;C:\Program Files (x86)\Skype\Phone\;C:\apache-maven-3.3.9\bin;C:\Program Files\Java\jdk1.7.0_79\bin;C:\apache-ant-1.8.2\bin;C:\Program Files\Java\jdk1.7.0_79\bin;C:\cmder;."/>
    <property name="java.specification.name" value="Java Platform API Specification"/>
    <property name="java.class.version" value="51.0"/>
    <property name="sun.management.compiler" value="HotSpot 64-Bit Tiered Compilers"/>
    <property name="os.version" value="6.1"/>
    <property name="user.home" value="C:\Users\edwabuac"/>
    <property name="user.timezone" value="America/Bogota"/>
    <property name="java.awt.printerjob" value="sun.awt.windows.WPrinterJob"/>
    <property name="java.specification.version" value="1.7"/>
    <property name="file.encoding" value="Cp1252"/>
    <property name="user.name" value="edwabuac"/>
    <property name="java.class.path" value="C:\apache-maven-3.3.9\bin\..\boot\plexus-classworlds-2.5.2.jar"/>
    <property name="java.vm.specification.version" value="1.7"/>
    <property name="sun.arch.data.model" value="64"/>
    <property name="java.home" value="C:\Program Files\Java\jdk1.7.0_79\jre"/>
    <property name="sun.java.command" value="org.codehaus.plexus.classworlds.launcher.Launcher clean verify serenity:aggregate"/>
    <property name="java.specification.vendor" value="Oracle Corporation"/>
    <property name="user.language" value="es"/>
    <property name="awt.toolkit" value="sun.awt.windows.WToolkit"/>
    <property name="java.vm.info" value="mixed mode"/>
    <property name="java.version" value="1.7.0_79"/>
    <property name="java.ext.dirs" value="C:\Program Files\Java\jdk1.7.0_79\jre\lib\ext;C:\Windows\Sun\Java\lib\ext"/>
    <property name="sun.boot.class.path" value="C:\Program Files\Java\jdk1.7.0_79\jre\lib\resources.jar;C:\Program Files\Java\jdk1.7.0_79\jre\lib\rt.jar;C:\Program Files\Java\jdk1.7.0_79\jre\lib\sunrsasign.jar;C:\Program Files\Java\jdk1.7.0_79\jre\lib\jsse.jar;C:\Program Files\Java\jdk1.7.0_79\jre\lib\jce.jar;C:\Program Files\Java\jdk1.7.0_79\jre\lib\charsets.jar;C:\Program Files\Java\jdk1.7.0_79\jre\lib\jfr.jar;C:\Program Files\Java\jdk1.7.0_79\jre\classes"/>
    <property name="java.vendor" value="Oracle Corporation"/>
    <property name="maven.home" value="C:\apache-maven-3.3.9\bin\.."/>
    <property name="file.separator" value="\"/>
    <property name="java.vendor.url.bug" value="http://bugreport.sun.com/bugreport/"/>
    <property name="sun.cpu.endian" value="little"/>
    <property name="sun.io.unicode.encoding" value="UnicodeLittle"/>
    <property name="sun.desktop" value="windows"/>
    <property name="sun.cpu.isalist" value="amd64"/>
  </properties>
  <testcase name="BeforeStories" classname="java.lang.Object" time="0.002"/>
  <testcase name="Given el usuario ingresa a la pagina de autenticacion de PolicyCenter" classname="com.sura.policycenter.selenium.definitions.PolicyDefinitions" time="3.459"/>
  <testcase name="When el usuario ingresa username &lt;usr&gt; y password &lt;pass&gt;" classname="com.sura.policycenter.selenium.definitions.PolicyDefinitions" time="0.972"/>
  <testcase name="Then el usuario deberia ver la pagina de inicio correspondiente a su rol &lt;message&gt;" classname="com.sura.policycenter.selenium.definitions.PolicyDefinitions" time="0.605"/>
  <testcase name="Then el usuario deberia poder acceder a nuevo contacto persona" classname="com.sura.policycenter.selenium.definitions.PolicyDefinitions" time="4.993">
    <error message="Timed out after 2 seconds. Element not found&#10;For documentation on this error, please visit: http://seleniumhq.org/exceptions/no_such_element.html&#10;Build info: version: &apos;2.50.1&apos;, revision: &apos;d7fc91b29de65b790abb01f3ac5f7ea2191c88a7&apos;, time: &apos;2016-01-29 11:11:26&apos;&#10;System info: host: &apos;PQVIPF0DCV2P&apos;, ip: &apos;10.214.18.161&apos;, os.name: &apos;Windows 7&apos;, os.arch: &apos;amd64&apos;, os.version: &apos;6.1&apos;, java.version: &apos;1.7.0_79&apos;&#10;Driver info: driver.version: unknown" type="net.serenitybdd.core.exceptions.SerenityManagedException"><![CDATA[net.serenitybdd.core.exceptions.SerenityManagedException: Timed out after 2 seconds. Element not found
For documentation on this error, please visit: http://seleniumhq.org/exceptions/no_such_element.html
Build info: version: '2.50.1', revision: 'd7fc91b29de65b790abb01f3ac5f7ea2191c88a7', time: '2016-01-29 11:11:26'
System info: host: 'PQVIPF0DCV2P', ip: '10.214.18.161', os.name: 'Windows 7', os.arch: 'amd64', os.version: '6.1', java.version: '1.7.0_79'
Driver info: driver.version: unknown
	at net.thucydides.core.annotations.locators.SmartAjaxElementLocator.ajaxFindElement(SmartAjaxElementLocator.java:145)
	at net.thucydides.core.annotations.locators.SmartAjaxElementLocator.findElement(SmartAjaxElementLocator.java:93)
	at net.serenitybdd.core.pages.WebElementFacadeImpl.getElement(WebElementFacadeImpl.java:144)
	at net.serenitybdd.core.pages.WebElementFacadeImpl.getCoordinates(WebElementFacadeImpl.java:1089)
	at sun.reflect.NativeMethodAccessorImpl.invoke0(Native Method)
	at sun.reflect.NativeMethodAccessorImpl.invoke(NativeMethodAccessorImpl.java:57)
	at sun.reflect.DelegatingMethodAccessorImpl.invoke(DelegatingMethodAccessorImpl.java:43)
	at java.lang.reflect.Method.invoke(Method.java:606)
	at net.thucydides.core.annotations.locators.AbstractSingleItemHandler.invoke(AbstractSingleItemHandler.java:45)
	at com.sun.proxy.$Proxy21.getCoordinates(Unknown Source)
	at org.openqa.selenium.interactions.internal.MouseAction.getActionLocation(MouseAction.java:51)
	at org.openqa.selenium.interactions.MoveMouseAction.perform(MoveMouseAction.java:39)
	at org.openqa.selenium.interactions.CompositeAction.perform(CompositeAction.java:50)
	at com.sura.policycenter.selenium.pages.Escritorio.nuevoContactoPersona(Escritorio.java:56)
	at com.sura.policycenter.selenium.steps.PolicySteps.nuevoContactoPersona(PolicySteps.java:40)
	at com.sura.policycenter.selenium.steps.PolicySteps$$EnhancerByCGLIB$$92c0ff4f.CGLIB$nuevoContactoPersona$1(<generated>)
	at com.sura.policycenter.selenium.steps.PolicySteps$$EnhancerByCGLIB$$92c0ff4f$$FastClassByCGLIB$$fc735b49.invoke(<generated>)
	at net.sf.cglib.proxy.MethodProxy.invokeSuper(MethodProxy.java:228)
	at net.thucydides.core.steps.StepInterceptor.invokeMethod(StepInterceptor.java:348)
	at net.thucydides.core.steps.StepInterceptor.executeTestStepMethod(StepInterceptor.java:333)
	at net.thucydides.core.steps.StepInterceptor.runTestStep(StepInterceptor.java:308)
	at net.thucydides.core.steps.StepInterceptor.testStepResult(StepInterceptor.java:130)
	at net.thucydides.core.steps.StepInterceptor.intercept(StepInterceptor.java:57)
	at com.sura.policycenter.selenium.steps.PolicySteps$$EnhancerByCGLIB$$92c0ff4f.nuevoContactoPersona(<generated>)
	at com.sura.policycenter.selenium.definitions.PolicyDefinitions.nuevoContactoPersona(PolicyDefinitions.java:36)
]]></error>
    <system-out><![CDATA[Then el usuario deberia poder acceder a nuevo contacto persona (FAILED)
(net.serenitybdd.core.exceptions.SerenityManagedException: Timed out after 2 seconds. Element not found
For documentation on this error, please visit: http://seleniumhq.org/exceptions/no_such_element.html
Build info: version: '2.50.1', revision: 'd7fc91b29de65b790abb01f3ac5f7ea2191c88a7', time: '2016-01-29 11:11:26'
System info: host: 'PQVIPF0DCV2P', ip: '10.214.18.161', os.name: 'Windows 7', os.arch: 'amd64', os.version: '6.1', java.version: '1.7.0_79'
Driver info: driver.version: unknown)
]]></system-out>
  </testcase>
  <testcase name="Then el usuario deberia cerrar sesion" classname="com.sura.policycenter.selenium.definitions.PolicyDefinitions" time="0">
    <skipped/>
    <system-out><![CDATA[Then el usuario deberia cerrar sesion (NOT PERFORMED)
]]></system-out>
  </testcase>
  <testcase name="Scenario: autenticacion en policycenter" classname="Scenario: autenticacion en policycenter" time="5.141">
    <failure message="scenario failed!" type="java.lang.AssertionError">java.lang.AssertionError: scenario failed!
	at de.codecentric.jbehave.junit.monitoring.JUnitScenarioReporter.afterScenario(JUnitScenarioReporter.java:218)
	at org.jbehave.core.reporters.DelegatingStoryReporter.afterScenario(DelegatingStoryReporter.java:43)
	at org.jbehave.core.reporters.ConcurrentStoryReporter.afterScenario(ConcurrentStoryReporter.java:175)
	at org.jbehave.core.embedder.StoryRunner.runCancellable(StoryRunner.java:347)
	at org.jbehave.core.embedder.StoryRunner.run(StoryRunner.java:239)
	at org.jbehave.core.embedder.StoryRunner.run(StoryRunner.java:182)
	at org.jbehave.core.embedder.StoryManager$EnqueuedStory.call(StoryManager.java:266)
	at org.jbehave.core.embedder.StoryManager$EnqueuedStory.call(StoryManager.java:233)
	at java.util.concurrent.FutureTask.run(FutureTask.java:262)
	at java.util.concurrent.ThreadPoolExecutor.runWorker(ThreadPoolExecutor.java:1145)
	at java.util.concurrent.ThreadPoolExecutor$Worker.run(ThreadPoolExecutor.java:615)
	at java.lang.Thread.run(Thread.java:745)
</failure>
    <system-out><![CDATA[

net.serenitybdd.core.exceptions.SerenityManagedException: Timed out after 2 seconds. Element not found
For documentation on this error, please visit: http://seleniumhq.org/exceptions/no_such_element.html
Build info: version: '2.50.1', revision: 'd7fc91b29de65b790abb01f3ac5f7ea2191c88a7', time: '2016-01-29 11:11:26'
System info: host: 'PQVIPF0DCV2P', ip: '10.214.18.161', os.name: 'Windows 7', os.arch: 'amd64', os.version: '6.1', java.version: '1.7.0_79'
Driver info: driver.version: unknown
	at net.serenitybdd.core.exceptions.SerenityManagedException.detachedCopyOf(SerenityManagedException.java:20)
	at net.thucydides.core.steps.StepInterceptor.runTestStep(StepInterceptor.java:317)
	at net.thucydides.core.steps.StepInterceptor.testStepResult(StepInterceptor.java:130)
	at net.thucydides.core.steps.StepInterceptor.intercept(StepInterceptor.java:57)
	at com.sura.policycenter.selenium.steps.PolicySteps$$EnhancerByCGLIB$$92c0ff4f.nuevoContactoPersona(<generated>)
	at com.sura.policycenter.selenium.definitions.PolicyDefinitions.nuevoContactoPersona(PolicyDefinitions.java:36)
	(reflection-invoke)
	at org.jbehave.core.steps.StepCreator$ParametrisedStep.perform(StepCreator.java:595)
	at org.jbehave.core.embedder.StoryRunner$FineSoFar.run(StoryRunner.java:566)
...
]]></system-out>
    <system-err><![CDATA[[pool-3-thread-1] ERROR net.serenitybdd.core.Serenity - &amp#27;[91m
           __  _____ _____ ____ _____   _____ _    ___ _     _____ ____  
  _       / / |_   _| ____/ ___|_   _| |  ___/ \  |_ _| |   | ____|  _ \ 
 (_)_____| |    | | |  _| \___ \ | |   | |_ / _ \  | || |   |  _| | | | |
  _|_____| |    | | | |___ ___) || |   |  _/ ___ \ | || |___| |___| |_| |
 (_)     | |    |_| |_____|____/ |_|   |_|/_/   \_\___|_____|_____|____/ 
          \_\                                                            

TEST FAILED WITH ERROR: autenticacion en policycenter
---------------------------------------------------------------------&amp#27;[0m
[pool-3-thread-1] ERROR net.serenitybdd.core.Serenity - &amp#27;[91mTEST FAILED AT STEP Nuevo contacto persona&amp#27;[0m
[pool-3-thread-1] ERROR net.serenitybdd.core.Serenity - Timed out after 2 seconds. Element not found
]]></system-err>
  </testcase>
  <testcase name="contacto.story" classname="contacto.story" time="6.125">
    <failure message="story failed!" type="java.lang.AssertionError">java.lang.AssertionError: story failed!
	at de.codecentric.jbehave.junit.monitoring.JUnitScenarioReporter.afterStory(JUnitScenarioReporter.java:143)
	at org.jbehave.core.reporters.DelegatingStoryReporter.afterStory(DelegatingStoryReporter.java:49)
	at org.jbehave.core.reporters.ConcurrentStoryReporter.afterStory(ConcurrentStoryReporter.java:121)
	at org.jbehave.core.embedder.StoryRunner.runCancellable(StoryRunner.java:355)
	at org.jbehave.core.embedder.StoryRunner.run(StoryRunner.java:239)
	at org.jbehave.core.embedder.StoryRunner.run(StoryRunner.java:182)
	at org.jbehave.core.embedder.StoryManager$EnqueuedStory.call(StoryManager.java:266)
	at org.jbehave.core.embedder.StoryManager$EnqueuedStory.call(StoryManager.java:233)
	at java.util.concurrent.FutureTask.run(FutureTask.java:262)
	at java.util.concurrent.ThreadPoolExecutor.runWorker(ThreadPoolExecutor.java:1145)
	at java.util.concurrent.ThreadPoolExecutor$Worker.run(ThreadPoolExecutor.java:615)
	at java.lang.Thread.run(Thread.java:745)
</failure>
    <system-out><![CDATA[
]]></system-out>
  </testcase>
  <testcase name="AfterStories" classname="java.lang.Object" time="0.133"/>
</testsuite>