<acceptance-test-run title="autenticacion en policycenter" name="autenticacion en policycenter" steps="5" successful="3" failures="0" errors="1" skipped="1" ignored="0" pending="0" annotated-result="ERROR" result="ERROR" duration="10501" timestamp="2016-04-15T17:01:38.634-05:00" session-id="6203ee419edbe3a5c5b6b390ea04454a">
  <user-story id="contacto" name="Contacto" path="stories/policycenter/contacto.story"/>
  <tags>
    <tag name="Policycenter" type="feature"/>
    <tag name="Policycenter/Contacto" type="story"/>
  </tags>
  <examples>
    <datasets>
      <dataset startRow="0" rowCount="0"/>
    </datasets>
    <headers>
      <header>usr</header>
      <header>pass</header>
      <header>message</header>
    </headers>
    <rows>
      <row result="ERROR">
        <value>su</value>
        <value>gw</value>
        <value>Mis actividades</value>
      </row>
    </rows>
  </examples>
  <test-group name="[1] {usr=su, pass=gw, message=Mis actividades}" result="ERROR">
    <test-group name="Given el usuario ingresa a la pagina de autenticacion de PolicyCenter" result="SUCCESS">
      <screenshots>
        <screenshot image="c777ec78f4674ae9657705dace4db36d.png"/>
      </screenshots>
      <test-step result="SUCCESS" duration="3323">
        <screenshots>
          <screenshot image="c777ec78f4674ae9657705dace4db36d.png"/>
        </screenshots>
        <description>Open</description>
      </test-step>
    </test-group>
    <test-group name="When el usuario ingresa username {su} y password {gw}" result="SUCCESS">
      <screenshots>
        <screenshot image="c777ec78f4674ae9657705dace4db36d.png"/>
        <screenshot image="c258794217c5b0b7eb5177d832c9f54a.png"/>
      </screenshots>
      <test-step result="SUCCESS" duration="709">
        <screenshots>
          <screenshot image="c777ec78f4674ae9657705dace4db36d.png"/>
          <screenshot image="60039064e1a9511199e8c5a06bdc7e2a.png"/>
        </screenshots>
        <description>Login: &lt;span class=&apos;step-parameter&apos;&gt;su, gw&lt;/span&gt;</description>
      </test-step>
    </test-group>
    <test-group name="Then el usuario deberia ver la pagina de inicio correspondiente a su rol {Mis actividades}" result="SUCCESS">
      <screenshots>
        <screenshot image="c258794217c5b0b7eb5177d832c9f54a.png"/>
        <screenshot image="c7cbf06ba9ff0e954823e8ff2747ba62.png"/>
      </screenshots>
      <test-step result="SUCCESS" duration="403">
        <screenshots>
          <screenshot image="c258794217c5b0b7eb5177d832c9f54a.png"/>
          <screenshot image="c7cbf06ba9ff0e954823e8ff2747ba62.png"/>
        </screenshots>
        <description>Assertion: &lt;span class=&apos;step-parameter&apos;&gt;Mis actividades&lt;/span&gt;</description>
      </test-step>
    </test-group>
    <test-group name="Then el usuario deberia poder acceder a nuevo contacto persona" result="ERROR">
      <screenshots>
        <screenshot image="c7cbf06ba9ff0e954823e8ff2747ba62.png"/>
      </screenshots>
      <test-step result="ERROR" duration="4979">
        <screenshots>
          <screenshot image="c7cbf06ba9ff0e954823e8ff2747ba62.png"/>
          <screenshot image="68d82df21fafd921da128fb4681823d0.png" source="pagesource4560814344015521177.html.txt"/>
        </screenshots>
        <description>Nuevo contacto persona</description>
        <error>org.openqa.selenium.NoSuchElementException: Timed out after 2 seconds. Element not found
For documentation on this error, please visit: http://seleniumhq.org/exceptions/no_such_element.html
Build info: version: &apos;2.50.1&apos;, revision: &apos;d7fc91b29de65b790abb01f3ac5f7ea2191c88a7&apos;, time: &apos;2016-01-29 11:11:26&apos;
System info: host: &apos;PQVIPF0DCV2P&apos;, ip: &apos;10.214.18.161&apos;, os.name: &apos;Windows 7&apos;, os.arch: &apos;amd64&apos;, os.version: &apos;6.1&apos;, java.version: &apos;1.7.0_79&apos;
Driver info: driver.version: unknown</error>
        <exception>org.openqa.selenium.NoSuchElementException:Timed out after 2 seconds. Element not found
For documentation on this error, please visit: http://seleniumhq.org/exceptions/no_such_element.html
Build info: version: &apos;2.50.1&apos;, revision: &apos;d7fc91b29de65b790abb01f3ac5f7ea2191c88a7&apos;, time: &apos;2016-01-29 11:11:26&apos;
System info: host: &apos;PQVIPF0DCV2P&apos;, ip: &apos;10.214.18.161&apos;, os.name: &apos;Windows 7&apos;, os.arch: &apos;amd64&apos;, os.version: &apos;6.1&apos;, java.version: &apos;1.7.0_79&apos;
Driver info: driver.version: unknown&#xd;
[com.sura.policycenter.selenium.pages.Escritorio.nuevoContactoPersona(Escritorio.java:56), com.sura.policycenter.selenium.steps.PolicySteps.nuevoContactoPersona(PolicySteps.java:40), com.sura.policycenter.selenium.definitions.PolicyDefinitions.nuevoContactoPersona(PolicyDefinitions.java:36)]</exception>
      </test-step>
    </test-group>
    <test-step result="SKIPPED" duration="0">
      <description>Then el usuario deberia cerrar sesion</description>
    </test-step>
  </test-group>
</acceptance-test-run>